{"numFailedTestSuites":0,"numFailedTests":0,"numPassedTestSuites":1,"numPassedTests":1,"numPendingTestSuites":0,"numPendingTests":0,"numRuntimeErrorTestSuites":0,"numTodoTests":0,"numTotalTestSuites":1,"numTotalTests":1,"openHandles":[],"snapshot":{"added":0,"didUpdate":false,"failure":false,"filesAdded":0,"filesRemoved":0,"filesRemovedList":[],"filesUnmatched":0,"filesUpdated":0,"matched":0,"total":0,"unchecked":0,"uncheckedKeysByFile":[],"unmatched":0,"updated":0},"startTime":1781092834476,"success":true,"testResults":[{"assertionResults":[{"ancestorTitles":["Vote options API"],"duration":1990,"failing":false,"failureDetails":[],"failureMessages":[],"fullName":"Vote options API returns vote options for a valid date","invocations":1,"location":null,"numPassingAsserts":3,"retryReasons":[],"startAt":1781092837143,"status":"passed","title":"returns vote options for a valid date"}],"endTime":1781092839141,"message":"","name":"C:\\Users\\HASINI PASUPUREDDI\\OneDrive\\Desktop\\MessMate\\src\\tests\\integration\\vote-options-api.test.ts","startTime":1781092834734,"status":"passed","summary":""}],"wasInterrupted":false}
