{"numFailedTestSuites":0,"numFailedTests":0,"numPassedTestSuites":1,"numPassedTests":2,"numPendingTestSuites":0,"numPendingTests":0,"numRuntimeErrorTestSuites":0,"numTodoTests":0,"numTotalTestSuites":1,"numTotalTests":2,"openHandles":[],"snapshot":{"added":0,"didUpdate":false,"failure":false,"filesAdded":0,"filesRemoved":0,"filesRemovedList":[],"filesUnmatched":0,"filesUpdated":0,"matched":0,"total":0,"unchecked":0,"uncheckedKeysByFile":[],"unmatched":0,"updated":0},"startTime":1781092806536,"success":true,"testResults":[{"assertionResults":[{"ancestorTitles":["vote options generation"],"duration":242,"failing":false,"failureDetails":[],"failureMessages":[],"fullName":"vote options generation filters recently served items by their generated option IDs","invocations":1,"location":null,"numPassingAsserts":1,"retryReasons":[],"startAt":1781092808432,"status":"passed","title":"filters recently served items by their generated option IDs"},{"ancestorTitles":["vote options generation"],"duration":175,"failing":false,"failureDetails":[],"failureMessages":[],"fullName":"vote options generation does not rely on original_catalog_id when the schema is older","invocations":1,"location":null,"numPassingAsserts":2,"retryReasons":[],"startAt":1781092808682,"status":"passed","title":"does not rely on original_catalog_id when the schema is older"}],"endTime":1781092808866,"message":"","name":"C:\\Users\\HASINI PASUPUREDDI\\OneDrive\\Desktop\\MessMate\\src\\tests\\unit\\vote-options-generation.test.ts","startTime":1781092806835,"status":"passed","summary":""}],"wasInterrupted":false}
